09-15-2015 @ 11:51:15 - Mollie_WC_Helper_Data::deleteTransients: Mollie settings saved, delete transients
09-15-2015 @ 11:52:58 - Mollie_WC_Helper_Data::deleteTransients: Mollie settings saved, delete transients
09-15-2015 @ 11:55:09 - mollie_wc_gateway_ideal: Create payment for order 495
09-15-2015 @ 11:55:09 - mollie_wc_gateway_ideal: Payment tr_vwWcjE6Z4n (test) created for order 495
09-15-2015 @ 11:56:32 - Mollie_WC_Helper_Data::deleteTransients: Mollie settings saved, delete transients
09-15-2015 @ 11:56:46 - mollie_wc_gateway_ideal: Create payment for order 495
09-15-2015 @ 11:56:47 - mollie_wc_gateway_ideal: Payment tr_3rdnTyjRT6 (live) created for order 495
09-15-2015 @ 12:28:05 - getPayment: Could not load payment tr_vwWcjE6Z4n (test): Error executing API call (request): The payment id is invalid. (Mollie_API_Exception)
09-15-2015 @ 12:28:05 - Mollie_WC_Gateway_Abstract::webhookAction: payment tr_vwWcjE6Z4n not found.
09-15-2015 @ 12:28:05 - getPayment: Could not load payment tr_3rdnTyjRT6 (test): Error executing API call (request): The payment id is invalid. (Mollie_API_Exception)
09-15-2015 @ 12:28:05 - Mollie_WC_Gateway_Abstract::webhookAction: payment tr_3rdnTyjRT6 not found.
09-15-2015 @ 12:29:07 - mollie_wc_gateway_ideal: Mollie payment tr_vwWcjE6Z4n (test) webhook call for order 495.
09-15-2015 @ 12:29:07 - Mollie_WC_Gateway_Abstract::onWebhookExpired called.
09-15-2015 @ 12:29:07 - getPayment: Could not load payment tr_3rdnTyjRT6 (test): Error executing API call (request): The payment id is invalid. (Mollie_API_Exception)
09-15-2015 @ 12:29:07 - Mollie_WC_Gateway_Abstract::webhookAction: payment tr_3rdnTyjRT6 not found.
09-15-2015 @ 12:30:10 - getPayment: Could not load payment tr_3rdnTyjRT6 (test): Error executing API call (request): The payment id is invalid. (Mollie_API_Exception)
09-15-2015 @ 12:30:10 - Mollie_WC_Gateway_Abstract::webhookAction: payment tr_3rdnTyjRT6 not found.
09-15-2015 @ 12:31:12 - getPayment: Could not load payment tr_3rdnTyjRT6 (test): Error executing API call (request): The payment id is invalid. (Mollie_API_Exception)
09-15-2015 @ 12:31:12 - Mollie_WC_Gateway_Abstract::webhookAction: payment tr_3rdnTyjRT6 not found.
09-15-2015 @ 12:32:15 - getPayment: Could not load payment tr_3rdnTyjRT6 (test): Error executing API call (request): The payment id is invalid. (Mollie_API_Exception)
09-15-2015 @ 12:32:15 - Mollie_WC_Gateway_Abstract::webhookAction: payment tr_3rdnTyjRT6 not found.
09-15-2015 @ 12:38:18 - mollie_wc_gateway_ideal: Mollie payment tr_3rdnTyjRT6 (live) webhook call for order 495.
09-15-2015 @ 12:38:18 - Mollie_WC_Gateway_Abstract::onWebhookExpired called.
09-15-2015 @ 12:43:40 - mollie_wc_gateway_ideal: Create payment for order 495
09-15-2015 @ 12:43:41 - mollie_wc_gateway_ideal: Payment tr_26y49LNKWW (live) created for order 495
09-15-2015 @ 13:04:04 - mollie_wc_gateway_ideal: Create payment for order 495
09-15-2015 @ 13:04:05 - mollie_wc_gateway_ideal: Payment tr_atVy6SVmvD (live) created for order 495
09-15-2015 @ 13:04:53 - getPayment: Could not load payment tr_atVy6SVmvD (test): Error executing API call (request): The payment id is invalid. (Mollie_API_Exception)
09-15-2015 @ 13:04:53 - Mollie_WC_Gateway_Abstract::webhookAction: payment tr_atVy6SVmvD not found.
09-15-2015 @ 13:04:55 - Mollie_WC_Plugin::onMollieReturn: Redirect url on return order mollie_wc_gateway_ideal, order 495: http://www.hairextensions-denhaag.nl/checkout/order-received/495?key=wc_order_55f80665dee89&utm_nooverride=1
09-15-2015 @ 13:04:57 - Mollie_WC_Plugin::onMollieReturn: Redirect url on return order mollie_wc_gateway_ideal, order 495: http://www.hairextensions-denhaag.nl/checkout/order-received/495?key=wc_order_55f80665dee89&utm_nooverride=1
09-15-2015 @ 13:05:55 - getPayment: Could not load payment tr_atVy6SVmvD (test): Error executing API call (request): The payment id is invalid. (Mollie_API_Exception)
09-15-2015 @ 13:05:55 - Mollie_WC_Gateway_Abstract::webhookAction: payment tr_atVy6SVmvD not found.
09-15-2015 @ 13:06:57 - getPayment: Could not load payment tr_atVy6SVmvD (test): Error executing API call (request): The payment id is invalid. (Mollie_API_Exception)
09-15-2015 @ 13:06:57 - Mollie_WC_Gateway_Abstract::webhookAction: payment tr_atVy6SVmvD not found.
09-15-2015 @ 13:07:59 - getPayment: Could not load payment tr_atVy6SVmvD (test): Error executing API call (request): The payment id is invalid. (Mollie_API_Exception)
09-15-2015 @ 13:07:59 - Mollie_WC_Gateway_Abstract::webhookAction: payment tr_atVy6SVmvD not found.
09-15-2015 @ 13:09:01 - mollie_wc_gateway_ideal: Mollie payment tr_atVy6SVmvD (live) webhook call for order 495.
09-15-2015 @ 13:09:01 - Mollie_WC_Gateway_Abstract::onWebhookPaid called.
09-15-2015 @ 13:09:01 - getPayment: Could not load payment tr_vwWcjE6Z4n (test): Error executing API call (request): The payment id is invalid. (Mollie_API_Exception)
09-15-2015 @ 13:09:02 - getPayment: Could not load payment tr_vwWcjE6Z4n (test): Error executing API call (request): The payment id is invalid. (Mollie_API_Exception)
09-15-2015 @ 13:15:13 - mollie_wc_gateway_ideal: Order 495 does not need a payment (payment webhook tr_26y49LNKWW).
